<?xml version="1.0" encoding="UTF-8"?>
<testsuite xmlns:xsi="http://www.w3.org/2001/XMLSchema-instance" xsi:noNamespaceSchemaLocation="https://maven.apache.org/surefire/maven-surefire-plugin/xsd/surefire-test-report.xsd" name="TestSuite" time="1.119" tests="10" errors="0" skipped="0" failures="4">
  <properties>
    <property name="java.specification.version" value="17"/>
    <property name="sun.cpu.isalist" value="amd64"/>
    <property name="sun.jnu.encoding" value="Cp1252"/>
    <property name="java.class.path" value="C:\Users\e1079458\work\learn_allure\allure-cucumber5-testng-maven\target\test-classes;C:\Users\e1079458\work\learn_allure\allure-cucumber5-testng-maven\target\classes;C:\Users\e1079458\.m2\repository\io\qameta\allure\allure-cucumber5-jvm\2.13.6\allure-cucumber5-jvm-2.13.6.jar;C:\Users\e1079458\.m2\repository\io\qameta\allure\allure-java-commons\2.13.6\allure-java-commons-2.13.6.jar;C:\Users\e1079458\.m2\repository\io\qameta\allure\allure-model\2.13.6\allure-model-2.13.6.jar;C:\Users\e1079458\.m2\repository\com\fasterxml\jackson\core\jackson-databind\2.11.2\jackson-databind-2.11.2.jar;C:\Users\e1079458\.m2\repository\com\fasterxml\jackson\core\jackson-annotations\2.11.2\jackson-annotations-2.11.2.jar;C:\Users\e1079458\.m2\repository\com\fasterxml\jackson\core\jackson-core\2.11.2\jackson-core-2.11.2.jar;C:\Users\e1079458\.m2\repository\org\apache\tika\tika-core\1.24.1\tika-core-1.24.1.jar;C:\Users\e1079458\.m2\repository\org\jooq\joor-java-8\0.9.13\joor-java-8-0.9.13.jar;C:\Users\e1079458\.m2\repository\io\cucumber\gherkin\5.1.0\gherkin-5.1.0.jar;C:\Users\e1079458\.m2\repository\io\cucumber\gherkin-jvm-deps\1.0.4\gherkin-jvm-deps-1.0.4.jar;C:\Users\e1079458\.m2\repository\io\cucumber\cucumber-testng\5.7.0\cucumber-testng-5.7.0.jar;C:\Users\e1079458\.m2\repository\org\apiguardian\apiguardian-api\1.1.0\apiguardian-api-1.1.0.jar;C:\Users\e1079458\.m2\repository\io\cucumber\cucumber-core\5.7.0\cucumber-core-5.7.0.jar;C:\Users\e1079458\.m2\repository\io\cucumber\cucumber-gherkin\5.7.0\cucumber-gherkin-5.7.0.jar;C:\Users\e1079458\.m2\repository\io\cucumber\cucumber-gherkin-vintage\5.7.0\cucumber-gherkin-vintage-5.7.0.jar;C:\Users\e1079458\.m2\repository\io\cucumber\tag-expressions\2.0.4\tag-expressions-2.0.4.jar;C:\Users\e1079458\.m2\repository\io\cucumber\cucumber-expressions\8.3.1\cucumber-expressions-8.3.1.jar;C:\Users\e1079458\.m2\repository\io\cucumber\datatable\3.3.1\datatable-3.3.1.jar;C:\Users\e1079458\.m2\repository\io\cucumber\cucumber-plugin\5.7.0\cucumber-plugin-5.7.0.jar;C:\Users\e1079458\.m2\repository\io\cucumber\docstring\5.7.0\docstring-5.7.0.jar;C:\Users\e1079458\.m2\repository\org\testng\testng\7.1.0\testng-7.1.0.jar;C:\Users\e1079458\.m2\repository\com\beust\jcommander\1.72\jcommander-1.72.jar;C:\Users\e1079458\.m2\repository\com\google\inject\guice\4.1.0\guice-4.1.0-no_aop.jar;C:\Users\e1079458\.m2\repository\javax\inject\javax.inject\1\javax.inject-1.jar;C:\Users\e1079458\.m2\repository\aopalliance\aopalliance\1.0\aopalliance-1.0.jar;C:\Users\e1079458\.m2\repository\com\google\guava\guava\19.0\guava-19.0.jar;C:\Users\e1079458\.m2\repository\org\yaml\snakeyaml\1.21\snakeyaml-1.21.jar;C:\Users\e1079458\.m2\repository\io\cucumber\cucumber-java\5.7.0\cucumber-java-5.7.0.jar;C:\Users\e1079458\.m2\repository\org\slf4j\slf4j-simple\1.7.30\slf4j-simple-1.7.30.jar;C:\Users\e1079458\.m2\repository\org\slf4j\slf4j-api\1.7.30\slf4j-api-1.7.30.jar;"/>
    <property name="java.vm.vendor" value="Oracle Corporation"/>
    <property name="sun.arch.data.model" value="64"/>
    <property name="user.variant" value=""/>
    <property name="java.vendor.url" value="https://java.oracle.com/"/>
    <property name="user.timezone" value="Africa/Lagos"/>
    <property name="user.country.format" value="FR"/>
    <property name="os.name" value="Windows 11"/>
    <property name="java.vm.specification.version" value="17"/>
    <property name="sun.java.launcher" value="SUN_STANDARD"/>
    <property name="user.country" value="US"/>
    <property name="sun.boot.library.path" value="C:\Program Files\Java\jdk-17\bin"/>
    <property name="sun.java.command" value="C:\Users\e1079458\AppData\Local\Temp\1\surefire3426476822209113202\surefirebooter10605233868509718911.jar C:\Users\e1079458\AppData\Local\Temp\1\surefire3426476822209113202 2024-04-23T17-44-42_580-jvmRun1 surefire1007688991676703898tmp surefire_06925232379998136501tmp"/>
    <property name="jdk.debug" value="release"/>
    <property name="surefire.test.class.path" value="C:\Users\e1079458\work\learn_allure\allure-cucumber5-testng-maven\target\test-classes;C:\Users\e1079458\work\learn_allure\allure-cucumber5-testng-maven\target\classes;C:\Users\e1079458\.m2\repository\io\qameta\allure\allure-cucumber5-jvm\2.13.6\allure-cucumber5-jvm-2.13.6.jar;C:\Users\e1079458\.m2\repository\io\qameta\allure\allure-java-commons\2.13.6\allure-java-commons-2.13.6.jar;C:\Users\e1079458\.m2\repository\io\qameta\allure\allure-model\2.13.6\allure-model-2.13.6.jar;C:\Users\e1079458\.m2\repository\com\fasterxml\jackson\core\jackson-databind\2.11.2\jackson-databind-2.11.2.jar;C:\Users\e1079458\.m2\repository\com\fasterxml\jackson\core\jackson-annotations\2.11.2\jackson-annotations-2.11.2.jar;C:\Users\e1079458\.m2\repository\com\fasterxml\jackson\core\jackson-core\2.11.2\jackson-core-2.11.2.jar;C:\Users\e1079458\.m2\repository\org\apache\tika\tika-core\1.24.1\tika-core-1.24.1.jar;C:\Users\e1079458\.m2\repository\org\jooq\joor-java-8\0.9.13\joor-java-8-0.9.13.jar;C:\Users\e1079458\.m2\repository\io\cucumber\gherkin\5.1.0\gherkin-5.1.0.jar;C:\Users\e1079458\.m2\repository\io\cucumber\gherkin-jvm-deps\1.0.4\gherkin-jvm-deps-1.0.4.jar;C:\Users\e1079458\.m2\repository\io\cucumber\cucumber-testng\5.7.0\cucumber-testng-5.7.0.jar;C:\Users\e1079458\.m2\repository\org\apiguardian\apiguardian-api\1.1.0\apiguardian-api-1.1.0.jar;C:\Users\e1079458\.m2\repository\io\cucumber\cucumber-core\5.7.0\cucumber-core-5.7.0.jar;C:\Users\e1079458\.m2\repository\io\cucumber\cucumber-gherkin\5.7.0\cucumber-gherkin-5.7.0.jar;C:\Users\e1079458\.m2\repository\io\cucumber\cucumber-gherkin-vintage\5.7.0\cucumber-gherkin-vintage-5.7.0.jar;C:\Users\e1079458\.m2\repository\io\cucumber\tag-expressions\2.0.4\tag-expressions-2.0.4.jar;C:\Users\e1079458\.m2\repository\io\cucumber\cucumber-expressions\8.3.1\cucumber-expressions-8.3.1.jar;C:\Users\e1079458\.m2\repository\io\cucumber\datatable\3.3.1\datatable-3.3.1.jar;C:\Users\e1079458\.m2\repository\io\cucumber\cucumber-plugin\5.7.0\cucumber-plugin-5.7.0.jar;C:\Users\e1079458\.m2\repository\io\cucumber\docstring\5.7.0\docstring-5.7.0.jar;C:\Users\e1079458\.m2\repository\org\testng\testng\7.1.0\testng-7.1.0.jar;C:\Users\e1079458\.m2\repository\com\beust\jcommander\1.72\jcommander-1.72.jar;C:\Users\e1079458\.m2\repository\com\google\inject\guice\4.1.0\guice-4.1.0-no_aop.jar;C:\Users\e1079458\.m2\repository\javax\inject\javax.inject\1\javax.inject-1.jar;C:\Users\e1079458\.m2\repository\aopalliance\aopalliance\1.0\aopalliance-1.0.jar;C:\Users\e1079458\.m2\repository\com\google\guava\guava\19.0\guava-19.0.jar;C:\Users\e1079458\.m2\repository\org\yaml\snakeyaml\1.21\snakeyaml-1.21.jar;C:\Users\e1079458\.m2\repository\io\cucumber\cucumber-java\5.7.0\cucumber-java-5.7.0.jar;C:\Users\e1079458\.m2\repository\org\slf4j\slf4j-simple\1.7.30\slf4j-simple-1.7.30.jar;C:\Users\e1079458\.m2\repository\org\slf4j\slf4j-api\1.7.30\slf4j-api-1.7.30.jar;"/>
    <property name="allure.results.directory" value="C:\Users\e1079458\work\learn_allure\allure-cucumber5-testng-maven\target/allure-results"/>
    <property name="sun.cpu.endian" value="little"/>
    <property name="user.home" value="C:\Users\e1079458"/>
    <property name="user.language" value="en"/>
    <property name="java.specification.vendor" value="Oracle Corporation"/>
    <property name="java.version.date" value="2024-01-16"/>
    <property name="java.home" value="C:\Program Files\Java\jdk-17"/>
    <property name="file.separator" value="\"/>
    <property name="basedir" value="C:\Users\e1079458\work\learn_allure\allure-cucumber5-testng-maven"/>
    <property name="java.vm.compressedOopsMode" value="Zero based"/>
    <property name="line.separator" value="&#10;"/>
    <property name="java.vm.specification.vendor" value="Oracle Corporation"/>
    <property name="java.specification.name" value="Java Platform API Specification"/>
    <property name="surefire.real.class.path" value="C:\Users\e1079458\AppData\Local\Temp\1\surefire3426476822209113202\surefirebooter10605233868509718911.jar"/>
    <property name="user.script" value=""/>
    <property name="sun.management.compiler" value="HotSpot 64-Bit Tiered Compilers"/>
    <property name="java.runtime.version" value="17.0.10+11-LTS-240"/>
    <property name="user.name" value="e1079458"/>
    <property name="path.separator" value=";"/>
    <property name="os.version" value="10.0"/>
    <property name="java.runtime.name" value="Java(TM) SE Runtime Environment"/>
    <property name="file.encoding" value="UTF-8"/>
    <property name="java.vm.name" value="Java HotSpot(TM) 64-Bit Server VM"/>
    <property name="localRepository" value="C:\Users\e1079458\.m2\repository"/>
    <property name="java.vendor.url.bug" value="https://bugreport.java.com/bugreport/"/>
    <property name="java.io.tmpdir" value="C:\Users\e1079458\AppData\Local\Temp\1\"/>
    <property name="idea.version" value="2023.1"/>
    <property name="java.version" value="17.0.10"/>
    <property name="user.dir" value="C:\Users\e1079458\work\learn_allure\allure-cucumber5-testng-maven"/>
    <property name="os.arch" value="amd64"/>
    <property name="java.vm.specification.name" value="Java Virtual Machine Specification"/>
    <property name="user.language.format" value="fr"/>
    <property name="sun.os.patch.level" value=""/>
    <property name="native.encoding" value="Cp1252"/>
    <property name="java.library.path" value="C:\Program Files\Java\jdk-17\bin;C:\WINDOWS\Sun\Java\bin;C:\WINDOWS\system32;C:\WINDOWS;C:\Program Files\Common Files\Oracle\Java\javapath;C:\Program Files (x86)\Common Files\Oracle\Java\javapath;C:\Program Files (x86)\Microsoft SDKs\Azure\CLI2\wbin;C:\WINDOWS\system32;C:\WINDOWS;C:\WINDOWS\System32\Wbem;C:\WINDOWS\System32\WindowsPowerShell\v1.0\;C:\WINDOWS\System32\OpenSSH\;C:\Users\e1079458\.nvm;C:\Program Files\nodejs;C:\Program Files (x86)\NVIDIA Corporation\PhysX\Common;C:\Program Files\MySQL\MySQL Shell 8.0\bin\;C:\Users\e1079458\Miniconda3;C:\Users\e1079458\Miniconda3\Library\mingw-w64\bin;C:\Users\e1079458\Miniconda3\Library\usr\bin;C:\Users\e1079458\Miniconda3\Library\bin;C:\Users\e1079458\Miniconda3\Scripts;C:\Users\e1079458\.pyenv\pyenv-win\bin;C:\Users\e1079458\.pyenv\pyenv-win\shims;C:\Users\e1079458\AppData\Local\Microsoft\WindowsApps;C:\Users\e1079458\AppData\Local\Programs\Microsoft VS Code\bin;C:\Users\e1079458\AppData\Local\Programs\Git\cmd;C:\Projects\.docker\bin;C:\Users\e1079458\.kube;C:\Windows\System32\cmd.exe;C:\Users\e1079458\.pyenv\pyenv-win\versions\3.10.2\Scripts;C:\Users\e1079458\.nginx-1.20.2;C:\Users\e1079458\.helm;C:\Users\e1079458\.istio\istio-1.13.2\bin;C:\Projects\.npm;C:\Users\e1079458\.nvm;C:\Program Files\nodejs;C:\Users\e1079458\.flutter\flutter_windows_3.0.0-stable\flutter\bin;C:\Program Files\MongoDB\Server\5.0\bin;C:\Program Files\Java\jdk-1.8\bin;C:\Users\e1079458\apache-maven-3.9.0\bin;C:\Program Files\JetBrains\IntelliJ IDEA Community Edition 2023.1\bin;;C:\Users\e1079458\.terraform;C:\Users\e1079458\AppData\Roaming\Python\Python310\Scripts;C:\Users\e1079458\AppData\Local\Microsoft\WindowsApps;C:\Program Files\JetBrains\PyCharm Community Edition 2023.2.3\bin;;C:\Users\e1079458\.harness;C:\Users\e1079458\.allure\allure-2.28.0\bin;;."/>
    <property name="java.vm.info" value="mixed mode, sharing"/>
    <property name="java.vendor" value="Oracle Corporation"/>
    <property name="java.vm.version" value="17.0.10+11-LTS-240"/>
    <property name="sun.io.unicode.encoding" value="UnicodeLittle"/>
    <property name="java.class.version" value="61.0"/>
  </properties>
  <testcase name="runScenario" classname="io.cucumber.shouty.CucumberTest" time="0.244"/>
  <testcase name="runScenario" classname="io.cucumber.shouty.CucumberTest" time="0.024">
    <failure message="TODO: implement me" type="io.cucumber.java.PendingException">io.cucumber.java.PendingException: TODO: implement me
</failure>
    <system-out><![CDATA[&amp#27;[33mP&amp#27;[0m&amp#27;[36m-&amp#27;[0m&amp#27;[36m-&amp#27;[0m]]></system-out>
  </testcase>
  <testcase name="runScenario" classname="io.cucumber.shouty.CucumberTest" time="0.012"/>
  <testcase name="runScenario" classname="io.qameta.allure.examples.cucumber5.CucumberTest" time="0.037"/>
  <testcase name="runScenario" classname="io.qameta.allure.examples.cucumber5.CucumberTest" time="0.017"/>
  <testcase name="runScenario" classname="io.qameta.allure.examples.cucumber5.CucumberTest" time="0.024">
    <failure message="Element not found for xpath [//div[@class=&apos;something&apos;]]" type="java.lang.RuntimeException">java.lang.RuntimeException: Element not found for xpath [//div[@class='something']]
</failure>
    <system-out><![CDATA[&amp#27;[32m.&amp#27;[0m&amp#27;[31mF&amp#27;[0m&amp#27;[36m-&amp#27;[0m]]></system-out>
  </testcase>
  <testcase name="runScenario" classname="io.qameta.allure.examples.cucumber5.CucumberTest" time="0.017">
    <failure message="Element not found for xpath [//div[@class=&apos;something&apos;]]" type="java.lang.RuntimeException">java.lang.RuntimeException: Element not found for xpath [//div[@class='something']]
</failure>
    <system-out><![CDATA[&amp#27;[32m.&amp#27;[0m&amp#27;[32m.&amp#27;[0m&amp#27;[31mF&amp#27;[0m&amp#27;[36m-&amp#27;[0m]]></system-out>
  </testcase>
  <testcase name="runScenario" classname="io.qameta.allure.examples.cucumber5.CucumberTest" time="0.018">
    <failure message="Element not found for xpath [//div[@class=&apos;something&apos;]]" type="java.lang.RuntimeException">java.lang.RuntimeException: Element not found for xpath [//div[@class='something']]
</failure>
    <system-out><![CDATA[&amp#27;[32m.&amp#27;[0m&amp#27;[31mF&amp#27;[0m&amp#27;[36m-&amp#27;[0m&amp#27;[36m-&amp#27;[0m]]></system-out>
  </testcase>
  <testcase name="runScenario" classname="io.qameta.allure.examples.cucumber5.CucumberTest" time="0.017"/>
  <testcase name="runScenario" classname="io.qameta.allure.examples.cucumber5.CucumberTest" time="0.016"/>
</testsuite>