<?xml version="1.0" encoding="UTF-8"?>
<!-- Generated by org.testng.reporters.JUnitReportReporter -->
<testsuite hostname="EMEA-TUN-LP0975" failures="0" tests="7" name="io.qameta.allure.examples.cucumber5.CucumberTest" time="0.145" errors="3" timestamp="2024-04-23T17:44:44 WAT" skipped="0">
  <testcase classname="io.qameta.allure.examples.cucumber5.CucumberTest" name="runScenario" time="0.016"/>
  <system-out/>
  <testcase classname="io.qameta.allure.examples.cucumber5.CucumberTest" name="runScenario" time="0.037"/>
  <system-out/>
  <testcase classname="io.qameta.allure.examples.cucumber5.CucumberTest" name="runScenario" time="0.024">
    <error message="Element not found for xpath [//div[@class=&#039;something&#039;]]" type="java.lang.RuntimeException">
      <![CDATA[java.lang.RuntimeException: Element not found for xpath [//div[@class='something']]
at io.qameta.allure.examples.cucumber5.WebSteps.maybeThrowElementNotFoundException(WebSteps.java:92)
at io.qameta.allure.examples.cucumber5.WebSteps.createLabelWithTitle(WebSteps.java:32)
at ✽.I create label with title "hello"(file:///C:/Users/e1079458/work/learn_allure/allure-cucumber5-testng-maven/src/test/resources/features/labels-web.feature:14)
]]>
    </error>
  </testcase> <!-- runScenario -->
  <system-out/>
  <testcase classname="io.qameta.allure.examples.cucumber5.CucumberTest" name="runScenario" time="0.017"/>
  <system-out/>
  <testcase classname="io.qameta.allure.examples.cucumber5.CucumberTest" name="runScenario" time="0.017">
    <error message="Element not found for xpath [//div[@class=&#039;something&#039;]]" type="java.lang.RuntimeException">
      <![CDATA[java.lang.RuntimeException: Element not found for xpath [//div[@class='something']]
at io.qameta.allure.examples.cucumber5.WebSteps.maybeThrowElementNotFoundException(WebSteps.java:92)
at io.qameta.allure.examples.cucumber5.WebSteps.filterIssueByLabel(WebSteps.java:87)
at ✽.I filter issue by label title "hello"(file:///C:/Users/e1079458/work/learn_allure/allure-cucumber5-testng-maven/src/test/resources/features/labels-web.feature:22)
]]>
    </error>
  </testcase> <!-- runScenario -->
  <system-out/>
  <testcase classname="io.qameta.allure.examples.cucumber5.CucumberTest" name="runScenario" time="0.017">
    <error message="Element not found for xpath [//div[@class=&#039;something&#039;]]" type="java.lang.RuntimeException">
      <![CDATA[java.lang.RuntimeException: Element not found for xpath [//div[@class='something']]
at io.qameta.allure.examples.cucumber5.WebSteps.maybeThrowElementNotFoundException(WebSteps.java:92)
at io.qameta.allure.examples.cucumber5.WebSteps.createLabelWithTitle(WebSteps.java:32)
at ✽.I create label with title "hello"(file:///C:/Users/e1079458/work/learn_allure/allure-cucumber5-testng-maven/src/test/resources/features/labels-web.feature:29)
]]>
    </error>
  </testcase> <!-- runScenario -->
  <system-out/>
  <testcase classname="io.qameta.allure.examples.cucumber5.CucumberTest" name="runScenario" time="0.017"/>
  <system-out/>
</testsuite> <!-- io.qameta.allure.examples.cucumber5.CucumberTest -->
